2025/06/06 17:24:50 [emerg] 17344#14692: CreateFile() "E:\rtm\CodeSnippets\go\grpc_demo\ares\resources\nginx/conf/nginx.conf" failed (3: The system cannot find the path specified)
2025/06/06 17:25:06 [notice] 15340#17040: signal process started
2025/06/06 17:30:11 [emerg] 17020#14716: invalid parameter "http2" in E:\rtm\CodeSnippets\go\grpc_demo\ares\resources\nginx/nginx.conf:21
2025/06/06 17:31:14 [emerg] 7684#10876: invalid parameter "http2" in E:\rtm\CodeSnippets\go\grpc_demo\ares\resources\nginx/nginx.conf:21
2025/06/06 17:32:48 [emerg] 3532#16568: "http2" directive is not allowed here in E:\rtm\CodeSnippets\go\grpc_demo\ares\resources\nginx/nginx.conf:22
2025/06/06 17:34:21 [emerg] 1488#10648: "grpc_pass" directive is not allowed here in E:\rtm\CodeSnippets\go\grpc_demo\ares\resources\nginx/nginx.conf:22
2025/06/06 17:35:00 [emerg] 7916#16616: "grpc_pass" directive is not allowed here in E:\rtm\CodeSnippets\go\grpc_demo\ares\resources\nginx/nginx.conf:18
2025/06/06 17:35:33 [notice] 13056#13356: signal process started
2025/06/06 17:41:15 [emerg] 11748#6148: invalid parameter "http2" in E:\rtm\CodeSnippets\go\grpc_demo\ares\resources\nginx/nginx.conf:21
2025/06/06 17:42:47 [notice] 11236#8688: signal process started
2025/06/06 17:43:33 [notice] 8144#17080: signal process started
2025/06/06 17:44:00 [notice] 16516#7752: signal process started
2025/06/06 17:44:36 [notice] 13696#3704: signal process started
2025/06/06 17:45:33 [emerg] 8796#16512: CreateFile() "E:\rtm\CodeSnippets\go\grpc_demo\ares\resources\nginx/conf/nginx.conf" failed (3: The system cannot find the path specified)
2025/06/06 17:45:36 [notice] 11472#12256: signal process started
2025/06/06 17:50:18 [notice] 6868#12588: signal process started
2025/06/06 17:50:31 [notice] 16604#16676: signal process started
2025/06/06 18:00:33 [emerg] 4560#4800: unexpected ";" in E:\rtm\CodeSnippets\go\grpc_demo\ares\resources\nginx/nginx.conf:8
2025/06/06 18:00:47 [warn] 15776#15804: the "listen ... http2" directive is deprecated, use the "http2" directive instead in E:\rtm\CodeSnippets\go\grpc_demo\ares\resources\nginx/nginx.conf:10
2025/06/06 18:00:47 [notice] 15776#15804: signal process started
2025/06/06 18:00:47 [emerg] 11060#16012: CreateDirectory() "E:\rtm\CodeSnippets\go\grpc_demo\ares\resources\nginx/temp/client_body_temp" failed (3: The system cannot find the path specified)
2025/06/06 18:01:34 [notice] 4560#364: signal process started
2025/06/06 18:01:34 [emerg] 11060#16012: CreateDirectory() "E:\rtm\CodeSnippets\go\grpc_demo\ares\resources\nginx/temp/client_body_temp" failed (3: The system cannot find the path specified)
2025/06/06 18:12:03 [notice] 3632#2084: signal process started
2025/06/06 18:12:53 [emerg] 16876#12760: no "ssl_certificate" is defined for the "listen ... ssl" directive in E:\rtm\CodeSnippets\go\grpc_demo\ares\resources\nginx/nginx.conf:9
2025/06/06 18:12:55 [emerg] 13672#9936: no "ssl_certificate" is defined for the "listen ... ssl" directive in E:\rtm\CodeSnippets\go\grpc_demo\ares\resources\nginx/nginx.conf:9
2025/06/06 18:13:01 [emerg] 11604#12256: no "ssl_certificate" is defined for the "listen ... ssl" directive in E:\rtm\CodeSnippets\go\grpc_demo\ares\resources\nginx/nginx.conf:9
2025/06/06 18:15:13 [notice] 16392#4420: signal process started
